<?xml version="1.0" encoding="UTF-8"?>
<!-- Generated by org.testng.reporters.JUnitReportReporter -->
<testsuite skipped="0" hostname="Vinod" name="testgroup.TestGroup" tests="2" failures="0" timestamp="26 Aug 2018 09:56:51 GMT" time="0.031" errors="0">
  <testcase name="test" time="0.031" classname="testgroup.TestGroup"/>
  <testcase name="test2" time="0.000" classname="testgroup.TestGroup"/>
</testsuite> <!-- testgroup.TestGroup -->
