<?xml version="1.0" encoding="UTF-8"?>
<!-- Generated by org.testng.reporters.JUnitReportReporter -->
<testsuite skipped="0" hostname="Vinod" name="testgroup.JStypeJSclick" tests="1" failures="0" timestamp="26 Aug 2018 10:11:05 GMT" time="10.724" errors="0">
  <testcase name="testGoogle" time="10.724" classname="testgroup.JStypeJSclick"/>
</testsuite> <!-- testgroup.JStypeJSclick -->
